uts_31862_sebastian2/app/build/intermediates/manifest_merge_blame_file/debug/manifest-merger-blame-debug-report.txt
1<?xml version="1.0" encoding="utf-8"?>
2<manifest xmlns:android="http://schemas.android.com/apk/res/android"
3    package="com.example.uts_31862_sebastian2"
4    android:versionCode="1"
5    android:versionName="1.0" >
6
7    <uses-sdk
8        android:minSdkVersion="21"
8-->src\main\AndroidManifest.xml
9        android:targetSdkVersion="30" />
9-->src\main\AndroidManifest.xml
10
11    <uses-permission android:name="android.permission.READ_EXTERNAL_STORAGE" />
11-->src\main\AndroidManifest.xml:5:5-80
11-->src\main\AndroidManifest.xml:5:22-77
12
13    <application
13-->src\main\AndroidManifest.xml:7:5-56:19
14        android:allowBackup="true"
14-->src\main\AndroidManifest.xml:8:9-35
15        android:appComponentFactory="androidx.core.app.CoreComponentFactory"
15-->[androidx.core:core:1.3.1] AndroidManifest.xml:24:18-86
16        android:debuggable="true"
17        android:icon="@mipmap/ic_launcher"
17-->src\main\AndroidManifest.xml:9:9-43
18        android:label="@string/app_name"
18-->src\main\AndroidManifest.xml:10:9-41
19        android:requestLegacyExternalStorage="true"
19-->src\main\AndroidManifest.xml:11:9-52
20        android:roundIcon="@mipmap/ic_launcher_round"
20-->src\main\AndroidManifest.xml:12:9-54
21        android:supportsRtl="true"
21-->src\main\AndroidManifest.xml:13:9-35
22        android:testOnly="true"
23        android:theme="@style/Theme.Uts_31862_sebastian2" >
23-->src\main\AndroidManifest.xml:14:9-58
24        <activity android:name="com.example.uts_31862_sebastian2.PlayerActivity" />
24-->src\main\AndroidManifest.xml:15:9-61
24-->src\main\AndroidManifest.xml:15:19-49
25        <activity android:name="com.example.uts_31862_sebastian2.listlagu" />
25-->src\main\AndroidManifest.xml:16:9-46
25-->src\main\AndroidManifest.xml:16:19-43
26        <activity
26-->src\main\AndroidManifest.xml:17:9-24:20
27            android:name="com.example.uts_31862_sebastian2.list"
27-->src\main\AndroidManifest.xml:18:13-33
28            android:label="List Lagu"
28-->src\main\AndroidManifest.xml:19:13-38
29            android:parentActivityName="com.example.uts_31862_sebastian2.login" >
29-->src\main\AndroidManifest.xml:20:13-48
30            <meta-data
30-->src\main\AndroidManifest.xml:21:13-23:81
31                android:name="android.support.PARENT_ACTIVITY"
31-->src\main\AndroidManifest.xml:22:17-63
32                android:value="com.example.uts_31862_sebastian2.MainActivity" />
32-->src\main\AndroidManifest.xml:23:17-78
33        </activity>
34        <activity
34-->src\main\AndroidManifest.xml:25:9-32:20
35            android:name="com.example.uts_31862_sebastian2.music"
35-->src\main\AndroidManifest.xml:26:13-34
36            android:label="NOW PLAYING"
36-->src\main\AndroidManifest.xml:27:13-40
37            android:parentActivityName="com.example.uts_31862_sebastian2.MainActivity" >
37-->src\main\AndroidManifest.xml:28:13-55
38            <meta-data
38-->src\main\AndroidManifest.xml:21:13-23:81
39                android:name="android.support.PARENT_ACTIVITY"
39-->src\main\AndroidManifest.xml:22:17-63
40                android:value="com.example.uts_31862_sebastian2.MainActivity" />
40-->src\main\AndroidManifest.xml:23:17-78
41        </activity>
42        <activity
42-->src\main\AndroidManifest.xml:33:9-40:20
43            android:name="com.example.uts_31862_sebastian2.profil"
43-->src\main\AndroidManifest.xml:34:13-35
44            android:label="Halaman profile"
44-->src\main\AndroidManifest.xml:35:13-44
45            android:parentActivityName="com.example.uts_31862_sebastian2.MainActivity" >
45-->src\main\AndroidManifest.xml:36:13-55
46            <meta-data
46-->src\main\AndroidManifest.xml:21:13-23:81
47                android:name="android.support.PARENT_ACTIVITY"
47-->src\main\AndroidManifest.xml:22:17-63
48                android:value="com.example.uts_31862_sebastian2.MainActivity" />
48-->src\main\AndroidManifest.xml:23:17-78
49        </activity>
50        <activity
50-->src\main\AndroidManifest.xml:41:9-48:20
51            android:name="com.example.uts_31862_sebastian2.login"
51-->src\main\AndroidManifest.xml:42:13-34
52            android:label="Halaman Login"
52-->src\main\AndroidManifest.xml:43:13-42
53            android:parentActivityName="com.example.uts_31862_sebastian2.MainActivity" >
53-->src\main\AndroidManifest.xml:44:13-55
54            <meta-data
54-->src\main\AndroidManifest.xml:21:13-23:81
55                android:name="android.support.PARENT_ACTIVITY"
55-->src\main\AndroidManifest.xml:22:17-63
56                android:value="com.example.uts_31862_sebastian2.MainActivity" />
56-->src\main\AndroidManifest.xml:23:17-78
57        </activity>
58        <activity android:name="com.example.uts_31862_sebastian2.MainActivity" >
58-->src\main\AndroidManifest.xml:49:9-55:20
58-->src\main\AndroidManifest.xml:49:19-47
59            <intent-filter>
59-->src\main\AndroidManifest.xml:50:13-54:29
60                <action android:name="android.intent.action.MAIN" />
60-->src\main\AndroidManifest.xml:51:17-69
60-->src\main\AndroidManifest.xml:51:25-66
61
62                <category android:name="android.intent.category.LAUNCHER" />
62-->src\main\AndroidManifest.xml:53:17-77
62-->src\main\AndroidManifest.xml:53:27-74
63            </intent-filter>
64        </activity>
65        <activity
65-->[com.karumi:dexter:6.2.2] AndroidManifest.xml:27:9-29:72
66            android:name="com.karumi.dexter.DexterActivity"
66-->[com.karumi:dexter:6.2.2] AndroidManifest.xml:28:13-60
67            android:theme="@style/Dexter.Internal.Theme.Transparent" />
67-->[com.karumi:dexter:6.2.2] AndroidManifest.xml:29:13-69
68    </application>
69
70</manifest>